  zutil.c
  uncompr.c
  trees.c
  minigzip.c
e:\myself\1.source_code\mp3stego\zlib-1.1.4\minigzip.c(203): warning C4996: 'strcpy': This function or variable may be unsafe. Consider using strcpy_s instead. To disable deprecation, use _CRT_SECURE_NO_WARNINGS. See online help for details.
  c:\program files (x86)\windows kits\10\include\10.0.10240.0\ucrt\string.h(119): note: 参见“strcpy”的声明
e:\myself\1.source_code\mp3stego\zlib-1.1.4\minigzip.c(204): warning C4996: 'strcat': This function or variable may be unsafe. Consider using strcat_s instead. To disable deprecation, use _CRT_SECURE_NO_WARNINGS. See online help for details.
  c:\program files (x86)\windows kits\10\include\10.0.10240.0\ucrt\string.h(90): note: 参见“strcat”的声明
e:\myself\1.source_code\mp3stego\zlib-1.1.4\minigzip.c(206): warning C4996: 'fopen': This function or variable may be unsafe. Consider using fopen_s instead. To disable deprecation, use _CRT_SECURE_NO_WARNINGS. See online help for details.
  c:\program files (x86)\windows kits\10\include\10.0.10240.0\ucrt\stdio.h(205): note: 参见“fopen”的声明
e:\myself\1.source_code\mp3stego\zlib-1.1.4\minigzip.c(218): warning C4996: 'unlink': The POSIX name for this item is deprecated. Instead, use the ISO C and C++ conformant name: _unlink. See online help for details.
  c:\program files (x86)\windows kits\10\include\10.0.10240.0\ucrt\stdio.h(380): note: 参见“unlink”的声明
e:\myself\1.source_code\mp3stego\zlib-1.1.4\minigzip.c(234): warning C4996: 'strcpy': This function or variable may be unsafe. Consider using strcpy_s instead. To disable deprecation, use _CRT_SECURE_NO_WARNINGS. See online help for details.
  c:\program files (x86)\windows kits\10\include\10.0.10240.0\ucrt\string.h(119): note: 参见“strcpy”的声明
e:\myself\1.source_code\mp3stego\zlib-1.1.4\minigzip.c(243): warning C4996: 'strcat': This function or variable may be unsafe. Consider using strcat_s instead. To disable deprecation, use _CRT_SECURE_NO_WARNINGS. See online help for details.
  c:\program files (x86)\windows kits\10\include\10.0.10240.0\ucrt\string.h(90): note: 参见“strcat”的声明
e:\myself\1.source_code\mp3stego\zlib-1.1.4\minigzip.c(250): warning C4996: 'fopen': This function or variable may be unsafe. Consider using fopen_s instead. To disable deprecation, use _CRT_SECURE_NO_WARNINGS. See online help for details.
  c:\program files (x86)\windows kits\10\include\10.0.10240.0\ucrt\stdio.h(205): note: 参见“fopen”的声明
e:\myself\1.source_code\mp3stego\zlib-1.1.4\minigzip.c(258): warning C4996: 'unlink': The POSIX name for this item is deprecated. Instead, use the ISO C and C++ conformant name: _unlink. See online help for details.
  c:\program files (x86)\windows kits\10\include\10.0.10240.0\ucrt\stdio.h(380): note: 参见“unlink”的声明
e:\myself\1.source_code\mp3stego\zlib-1.1.4\minigzip.c(278): warning C4996: 'strcpy': This function or variable may be unsafe. Consider using strcpy_s instead. To disable deprecation, use _CRT_SECURE_NO_WARNINGS. See online help for details.
  c:\program files (x86)\windows kits\10\include\10.0.10240.0\ucrt\string.h(119): note: 参见“strcpy”的声明
e:\myself\1.source_code\mp3stego\zlib-1.1.4\minigzip.c(298): warning C4996: 'setmode': The POSIX name for this item is deprecated. Instead, use the ISO C and C++ conformant name: _setmode. See online help for details.
  c:\program files (x86)\windows kits\10\include\10.0.10240.0\ucrt\corecrt_io.h(528): note: 参见“setmode”的声明
e:\myself\1.source_code\mp3stego\zlib-1.1.4\minigzip.c(299): warning C4996: 'setmode': The POSIX name for this item is deprecated. Instead, use the ISO C and C++ conformant name: _setmode. See online help for details.
  c:\program files (x86)\windows kits\10\include\10.0.10240.0\ucrt\corecrt_io.h(528): note: 参见“setmode”的声明
e:\myself\1.source_code\mp3stego\zlib-1.1.4\minigzip.c(301): warning C4996: 'fileno': The POSIX name for this item is deprecated. Instead, use the ISO C and C++ conformant name: _fileno. See online help for details.
  c:\program files (x86)\windows kits\10\include\10.0.10240.0\ucrt\stdio.h(2450): note: 参见“fileno”的声明
e:\myself\1.source_code\mp3stego\zlib-1.1.4\minigzip.c(305): warning C4996: 'fileno': The POSIX name for this item is deprecated. Instead, use the ISO C and C++ conformant name: _fileno. See online help for details.
  c:\program files (x86)\windows kits\10\include\10.0.10240.0\ucrt\stdio.h(2450): note: 参见“fileno”的声明
  infutil.c
  inftrees.c
  inflate.c
  inffast.c
  infcodes.c
  infblock.c
  gzio.c
e:\myself\1.source_code\mp3stego\zlib-1.1.4\gzio.c(108): warning C4996: 'strcpy': This function or variable may be unsafe. Consider using strcpy_s instead. To disable deprecation, use _CRT_SECURE_NO_WARNINGS. See online help for details.
  c:\program files (x86)\windows kits\10\include\10.0.10240.0\ucrt\string.h(119): note: 参见“strcpy”的声明
e:\myself\1.source_code\mp3stego\zlib-1.1.4\gzio.c(156): warning C4996: 'fopen': This function or variable may be unsafe. Consider using fopen_s instead. To disable deprecation, use _CRT_SECURE_NO_WARNINGS. See online help for details.
  c:\program files (x86)\windows kits\10\include\10.0.10240.0\ucrt\stdio.h(205): note: 参见“fopen”的声明
e:\myself\1.source_code\mp3stego\zlib-1.1.4\gzio.c(201): warning C4996: 'sprintf': This function or variable may be unsafe. Consider using sprintf_s instead. To disable deprecation, use _CRT_SECURE_NO_WARNINGS. See online help for details.
  c:\program files (x86)\windows kits\10\include\10.0.10240.0\ucrt\stdio.h(1769): note: 参见“sprintf”的声明
e:\myself\1.source_code\mp3stego\zlib-1.1.4\gzio.c(535): warning C4996: 'vsprintf': This function or variable may be unsafe. Consider using vsprintf_s instead. To disable deprecation, use _CRT_SECURE_NO_WARNINGS. See online help for details.
  c:\program files (x86)\windows kits\10\include\10.0.10240.0\ucrt\stdio.h(1465): note: 参见“vsprintf”的声明
e:\myself\1.source_code\mp3stego\zlib-1.1.4\gzio.c(871): warning C4996: 'strcpy': This function or variable may be unsafe. Consider using strcpy_s instead. To disable deprecation, use _CRT_SECURE_NO_WARNINGS. See online help for details.
  c:\program files (x86)\windows kits\10\include\10.0.10240.0\ucrt\string.h(119): note: 参见“strcpy”的声明
e:\myself\1.source_code\mp3stego\zlib-1.1.4\gzio.c(872): warning C4996: 'strcat': This function or variable may be unsafe. Consider using strcat_s instead. To disable deprecation, use _CRT_SECURE_NO_WARNINGS. See online help for details.
  c:\program files (x86)\windows kits\10\include\10.0.10240.0\ucrt\string.h(90): note: 参见“strcat”的声明
e:\myself\1.source_code\mp3stego\zlib-1.1.4\gzio.c(873): warning C4996: 'strcat': This function or variable may be unsafe. Consider using strcat_s instead. To disable deprecation, use _CRT_SECURE_NO_WARNINGS. See online help for details.
  c:\program files (x86)\windows kits\10\include\10.0.10240.0\ucrt\string.h(90): note: 参见“strcat”的声明
  deflate.c
  crc32.c
  compress.c
  adler32.c
  正在生成代码...
  GZLib.vcxproj -> E:\Myself\1.source_code\MP3Stego\zlib-1.1.4\.\Debug\GZLib.lib
