e:\myself\1.source_code\mp3stego\zlib-1.1.4\debug\gzlib.pdb
e:\myself\1.source_code\mp3stego\zlib-1.1.4\debug\gzlib.idb
e:\myself\1.source_code\mp3stego\zlib-1.1.4\debug\adler32.obj
e:\myself\1.source_code\mp3stego\zlib-1.1.4\debug\compress.obj
e:\myself\1.source_code\mp3stego\zlib-1.1.4\debug\crc32.obj
e:\myself\1.source_code\mp3stego\zlib-1.1.4\debug\deflate.obj
e:\myself\1.source_code\mp3stego\zlib-1.1.4\debug\gzio.obj
e:\myself\1.source_code\mp3stego\zlib-1.1.4\debug\infblock.obj
e:\myself\1.source_code\mp3stego\zlib-1.1.4\debug\infcodes.obj
e:\myself\1.source_code\mp3stego\zlib-1.1.4\debug\inffast.obj
e:\myself\1.source_code\mp3stego\zlib-1.1.4\debug\inflate.obj
e:\myself\1.source_code\mp3stego\zlib-1.1.4\debug\inftrees.obj
e:\myself\1.source_code\mp3stego\zlib-1.1.4\debug\infutil.obj
e:\myself\1.source_code\mp3stego\zlib-1.1.4\debug\minigzip.obj
e:\myself\1.source_code\mp3stego\zlib-1.1.4\debug\trees.obj
e:\myself\1.source_code\mp3stego\zlib-1.1.4\debug\uncompr.obj
e:\myself\1.source_code\mp3stego\zlib-1.1.4\debug\zutil.obj
e:\myself\1.source_code\mp3stego\zlib-1.1.4\debug\gzlib.lib
e:\myself\1.source_code\mp3stego\zlib-1.1.4\.\debug\gzlib.lib
e:\myself\1.source_code\mp3stego\zlib-1.1.4\debug\gzlib.tlog\cl.command.1.tlog
e:\myself\1.source_code\mp3stego\zlib-1.1.4\debug\gzlib.tlog\cl.read.1.tlog
e:\myself\1.source_code\mp3stego\zlib-1.1.4\debug\gzlib.tlog\cl.write.1.tlog
e:\myself\1.source_code\mp3stego\zlib-1.1.4\debug\gzlib.tlog\lib-link.read.1.tlog
e:\myself\1.source_code\mp3stego\zlib-1.1.4\debug\gzlib.tlog\lib-link.write.1.tlog
e:\myself\1.source_code\mp3stego\zlib-1.1.4\debug\gzlib.tlog\lib.command.1.tlog
