e:\myself\1.source_code\mp3stego\stegolib\release\stegolib.bsc
e:\myself\1.source_code\mp3stego\stegolib\release\stegolib.pdb
e:\myself\1.source_code\mp3stego\stegolib\release\des_enc.sbr
e:\myself\1.source_code\mp3stego\stegolib\release\ede_enc.sbr
e:\myself\1.source_code\mp3stego\stegolib\release\error.sbr
e:\myself\1.source_code\mp3stego\stegolib\release\set_key.sbr
e:\myself\1.source_code\mp3stego\stegolib\release\sha.sbr
e:\myself\1.source_code\mp3stego\stegolib\release\stego.sbr
e:\myself\1.source_code\mp3stego\stegolib\release\tools.sbr
e:\myself\1.source_code\mp3stego\stegolib\release\tools.obj
e:\myself\1.source_code\mp3stego\stegolib\release\stego.obj
e:\myself\1.source_code\mp3stego\stegolib\release\sha.obj
e:\myself\1.source_code\mp3stego\stegolib\release\set_key.obj
e:\myself\1.source_code\mp3stego\stegolib\release\error.obj
e:\myself\1.source_code\mp3stego\stegolib\release\ede_enc.obj
e:\myself\1.source_code\mp3stego\stegolib\release\des_enc.obj
e:\myself\1.source_code\mp3stego\stegolib\release\stegolib.tlog\bscmake.command.1.tlog
e:\myself\1.source_code\mp3stego\stegolib\release\stegolib.tlog\bscmake.read.1.tlog
e:\myself\1.source_code\mp3stego\stegolib\release\stegolib.tlog\bscmake.write.1.tlog
e:\myself\1.source_code\mp3stego\stegolib\release\stegolib.tlog\cl.command.1.tlog
e:\myself\1.source_code\mp3stego\stegolib\release\stegolib.tlog\cl.read.1.tlog
e:\myself\1.source_code\mp3stego\stegolib\release\stegolib.tlog\cl.write.1.tlog
e:\myself\1.source_code\mp3stego\stegolib\release\stegolib.tlog\lib-link.read.1.tlog
e:\myself\1.source_code\mp3stego\stegolib\release\stegolib.tlog\lib-link.write.1.tlog
e:\myself\1.source_code\mp3stego\stegolib\release\stegolib.tlog\lib.command.1.tlog
