e:\myself\1.source_code\mp3stego\stegolib\debug\stegolib.bsc
e:\myself\1.source_code\mp3stego\stegolib\debug\des_enc.sbr
e:\myself\1.source_code\mp3stego\stegolib\debug\ede_enc.sbr
e:\myself\1.source_code\mp3stego\stegolib\debug\error.sbr
e:\myself\1.source_code\mp3stego\stegolib\debug\set_key.sbr
e:\myself\1.source_code\mp3stego\stegolib\debug\sha.sbr
e:\myself\1.source_code\mp3stego\stegolib\debug\stego.sbr
e:\myself\1.source_code\mp3stego\stegolib\debug\tools.sbr
e:\myself\1.source_code\mp3stego\stegolib\debug\tools.obj
e:\myself\1.source_code\mp3stego\stegolib\debug\stego.obj
e:\myself\1.source_code\mp3stego\stegolib\debug\sha.obj
e:\myself\1.source_code\mp3stego\stegolib\debug\set_key.obj
e:\myself\1.source_code\mp3stego\stegolib\debug\error.obj
e:\myself\1.source_code\mp3stego\stegolib\debug\ede_enc.obj
e:\myself\1.source_code\mp3stego\stegolib\debug\des_enc.obj
e:\myself\1.source_code\mp3stego\stegolib\debug\stegolib.lib
e:\myself\1.source_code\mp3stego\stegolib\.\debug\stegolib.lib
e:\myself\1.source_code\mp3stego\stegolib\debug\stegolib.tlog\bscmake.command.1.tlog
e:\myself\1.source_code\mp3stego\stegolib\debug\stegolib.tlog\bscmake.read.1.tlog
e:\myself\1.source_code\mp3stego\stegolib\debug\stegolib.tlog\bscmake.write.1.tlog
e:\myself\1.source_code\mp3stego\stegolib\debug\stegolib.tlog\cl.command.1.tlog
e:\myself\1.source_code\mp3stego\stegolib\debug\stegolib.tlog\cl.read.1.tlog
e:\myself\1.source_code\mp3stego\stegolib\debug\stegolib.tlog\cl.write.1.tlog
e:\myself\1.source_code\mp3stego\stegolib\debug\stegolib.tlog\lib-link.read.1.tlog
e:\myself\1.source_code\mp3stego\stegolib\debug\stegolib.tlog\lib-link.write.1.tlog
e:\myself\1.source_code\mp3stego\stegolib\debug\stegolib.tlog\lib.command.1.tlog
