e:\myself\1.source_code\mp3stego\mp3stego\encoder\release\encode.bsc
e:\myself\1.source_code\mp3stego\mp3stego\encoder\release\vc140.pdb
e:\myself\1.source_code\mp3stego\mp3stego\encoder\release\bitstream.sbr
e:\myself\1.source_code\mp3stego\mp3stego\encoder\release\fft.sbr
e:\myself\1.source_code\mp3stego\mp3stego\encoder\release\formatbitstream.sbr
e:\myself\1.source_code\mp3stego\mp3stego\encoder\release\huffman.sbr
e:\myself\1.source_code\mp3stego\mp3stego\encoder\release\ieeefloat.sbr
e:\myself\1.source_code\mp3stego\mp3stego\encoder\release\l3bitstream.sbr
e:\myself\1.source_code\mp3stego\mp3stego\encoder\release\l3loop.sbr
e:\myself\1.source_code\mp3stego\mp3stego\encoder\release\l3mdct.sbr
e:\myself\1.source_code\mp3stego\mp3stego\encoder\release\l3psy.sbr
e:\myself\1.source_code\mp3stego\mp3stego\encoder\release\l3subband.sbr
e:\myself\1.source_code\mp3stego\mp3stego\encoder\release\layer3.sbr
e:\myself\1.source_code\mp3stego\mp3stego\encoder\release\main.sbr
e:\myself\1.source_code\mp3stego\mp3stego\encoder\release\portableio.sbr
e:\myself\1.source_code\mp3stego\mp3stego\encoder\release\reservoir.sbr
e:\myself\1.source_code\mp3stego\mp3stego\encoder\release\tables.sbr
e:\myself\1.source_code\mp3stego\mp3stego\encoder\release\wave.sbr
e:\myself\1.source_code\mp3stego\mp3stego\encoder\release\wave.obj
e:\myself\1.source_code\mp3stego\mp3stego\encoder\release\tables.obj
e:\myself\1.source_code\mp3stego\mp3stego\encoder\release\reservoir.obj
e:\myself\1.source_code\mp3stego\mp3stego\encoder\release\portableio.obj
e:\myself\1.source_code\mp3stego\mp3stego\encoder\release\main.obj
e:\myself\1.source_code\mp3stego\mp3stego\encoder\release\layer3.obj
e:\myself\1.source_code\mp3stego\mp3stego\encoder\release\l3subband.obj
e:\myself\1.source_code\mp3stego\mp3stego\encoder\release\l3psy.obj
e:\myself\1.source_code\mp3stego\mp3stego\encoder\release\l3mdct.obj
e:\myself\1.source_code\mp3stego\mp3stego\encoder\release\l3loop.obj
e:\myself\1.source_code\mp3stego\mp3stego\encoder\release\l3bitstream.obj
e:\myself\1.source_code\mp3stego\mp3stego\encoder\release\ieeefloat.obj
e:\myself\1.source_code\mp3stego\mp3stego\encoder\release\huffman.obj
e:\myself\1.source_code\mp3stego\mp3stego\encoder\release\formatbitstream.obj
e:\myself\1.source_code\mp3stego\mp3stego\encoder\release\fft.obj
e:\myself\1.source_code\mp3stego\mp3stego\encoder\release\bitstream.obj
e:\myself\1.source_code\mp3stego\mp3stego\encoder\release\encode.pdb
e:\myself\1.source_code\mp3stego\mp3stego\encoder\release\encode.tlog\bscmake.command.1.tlog
e:\myself\1.source_code\mp3stego\mp3stego\encoder\release\encode.tlog\bscmake.read.1.tlog
e:\myself\1.source_code\mp3stego\mp3stego\encoder\release\encode.tlog\bscmake.write.1.tlog
e:\myself\1.source_code\mp3stego\mp3stego\encoder\release\encode.tlog\cl.command.1.tlog
e:\myself\1.source_code\mp3stego\mp3stego\encoder\release\encode.tlog\cl.read.1.tlog
e:\myself\1.source_code\mp3stego\mp3stego\encoder\release\encode.tlog\cl.write.1.tlog
e:\myself\1.source_code\mp3stego\mp3stego\encoder\release\encode.tlog\link.command.1.tlog
e:\myself\1.source_code\mp3stego\mp3stego\encoder\release\encode.tlog\link.read.1.tlog
e:\myself\1.source_code\mp3stego\mp3stego\encoder\release\encode.tlog\link.write.1.tlog
