e:\myself\1.source_code\mp3stego\zlib-1.1.4\release\gzlib.pdb
e:\myself\1.source_code\mp3stego\zlib-1.1.4\release\zutil.obj
e:\myself\1.source_code\mp3stego\zlib-1.1.4\release\uncompr.obj
e:\myself\1.source_code\mp3stego\zlib-1.1.4\release\trees.obj
e:\myself\1.source_code\mp3stego\zlib-1.1.4\release\minigzip.obj
e:\myself\1.source_code\mp3stego\zlib-1.1.4\release\infutil.obj
e:\myself\1.source_code\mp3stego\zlib-1.1.4\release\inftrees.obj
e:\myself\1.source_code\mp3stego\zlib-1.1.4\release\inflate.obj
e:\myself\1.source_code\mp3stego\zlib-1.1.4\release\inffast.obj
e:\myself\1.source_code\mp3stego\zlib-1.1.4\release\infcodes.obj
e:\myself\1.source_code\mp3stego\zlib-1.1.4\release\infblock.obj
e:\myself\1.source_code\mp3stego\zlib-1.1.4\release\gzio.obj
e:\myself\1.source_code\mp3stego\zlib-1.1.4\release\deflate.obj
e:\myself\1.source_code\mp3stego\zlib-1.1.4\release\crc32.obj
e:\myself\1.source_code\mp3stego\zlib-1.1.4\release\compress.obj
e:\myself\1.source_code\mp3stego\zlib-1.1.4\release\adler32.obj
e:\myself\1.source_code\mp3stego\zlib-1.1.4\release\gzlib.lib
e:\myself\1.source_code\mp3stego\zlib-1.1.4\.\release\gzlib.lib
e:\myself\1.source_code\mp3stego\zlib-1.1.4\release\gzlib.tlog\cl.command.1.tlog
e:\myself\1.source_code\mp3stego\zlib-1.1.4\release\gzlib.tlog\cl.read.1.tlog
e:\myself\1.source_code\mp3stego\zlib-1.1.4\release\gzlib.tlog\cl.write.1.tlog
e:\myself\1.source_code\mp3stego\zlib-1.1.4\release\gzlib.tlog\lib-link.read.1.tlog
e:\myself\1.source_code\mp3stego\zlib-1.1.4\release\gzlib.tlog\lib-link.write.1.tlog
e:\myself\1.source_code\mp3stego\zlib-1.1.4\release\gzlib.tlog\lib.command.1.tlog
