e:\myself\1.source_code\mp3stego\mp3stego\decoder\debug\decode.bsc
e:\myself\1.source_code\mp3stego\mp3stego\decoder\debug\vc140.pdb
e:\myself\1.source_code\mp3stego\mp3stego\decoder\debug\vc140.idb
e:\myself\1.source_code\mp3stego\mp3stego\decoder\debug\portableio.sbr
e:\myself\1.source_code\mp3stego\mp3stego\decoder\debug\musicout.sbr
e:\myself\1.source_code\mp3stego\mp3stego\decoder\debug\ieeefloat.sbr
e:\myself\1.source_code\mp3stego\mp3stego\decoder\debug\huffman.sbr
e:\myself\1.source_code\mp3stego\mp3stego\decoder\debug\decode.sbr
e:\myself\1.source_code\mp3stego\mp3stego\decoder\debug\common.sbr
e:\myself\1.source_code\mp3stego\mp3stego\decoder\debug\common.obj
e:\myself\1.source_code\mp3stego\mp3stego\decoder\debug\decode.obj
e:\myself\1.source_code\mp3stego\mp3stego\decoder\debug\huffman.obj
e:\myself\1.source_code\mp3stego\mp3stego\decoder\debug\ieeefloat.obj
e:\myself\1.source_code\mp3stego\mp3stego\decoder\debug\musicout.obj
e:\myself\1.source_code\mp3stego\mp3stego\decoder\debug\portableio.obj
e:\myself\1.source_code\mp3stego\mp3stego\decoder\debug\decode.ilk
e:\myself\1.source_code\mp3stego\mp3stego\decoder\debug\decode.exe
e:\myself\1.source_code\mp3stego\mp3stego\decoder\debug\decode.pdb
e:\myself\1.source_code\mp3stego\mp3stego\decoder\.\debug\decode.exe
e:\myself\1.source_code\mp3stego\mp3stego\decoder\debug\decode.tlog\bscmake.command.1.tlog
e:\myself\1.source_code\mp3stego\mp3stego\decoder\debug\decode.tlog\bscmake.read.1.tlog
e:\myself\1.source_code\mp3stego\mp3stego\decoder\debug\decode.tlog\bscmake.write.1.tlog
e:\myself\1.source_code\mp3stego\mp3stego\decoder\debug\decode.tlog\cl.command.1.tlog
e:\myself\1.source_code\mp3stego\mp3stego\decoder\debug\decode.tlog\cl.read.1.tlog
e:\myself\1.source_code\mp3stego\mp3stego\decoder\debug\decode.tlog\cl.write.1.tlog
e:\myself\1.source_code\mp3stego\mp3stego\decoder\debug\decode.tlog\link.command.1.tlog
e:\myself\1.source_code\mp3stego\mp3stego\decoder\debug\decode.tlog\link.read.1.tlog
e:\myself\1.source_code\mp3stego\mp3stego\decoder\debug\decode.tlog\link.write.1.tlog
