e:\myself\1.source_code\mp3stego\mp3stego\encoder\debug\encode.bsc
e:\myself\1.source_code\mp3stego\mp3stego\encoder\debug\vc140.pdb
e:\myself\1.source_code\mp3stego\mp3stego\encoder\debug\vc140.idb
e:\myself\1.source_code\mp3stego\mp3stego\encoder\debug\wave.sbr
e:\myself\1.source_code\mp3stego\mp3stego\encoder\debug\tables.sbr
e:\myself\1.source_code\mp3stego\mp3stego\encoder\debug\reservoir.sbr
e:\myself\1.source_code\mp3stego\mp3stego\encoder\debug\portableio.sbr
e:\myself\1.source_code\mp3stego\mp3stego\encoder\debug\main.sbr
e:\myself\1.source_code\mp3stego\mp3stego\encoder\debug\layer3.sbr
e:\myself\1.source_code\mp3stego\mp3stego\encoder\debug\l3subband.sbr
e:\myself\1.source_code\mp3stego\mp3stego\encoder\debug\l3psy.sbr
e:\myself\1.source_code\mp3stego\mp3stego\encoder\debug\l3mdct.sbr
e:\myself\1.source_code\mp3stego\mp3stego\encoder\debug\l3loop.sbr
e:\myself\1.source_code\mp3stego\mp3stego\encoder\debug\l3bitstream.sbr
e:\myself\1.source_code\mp3stego\mp3stego\encoder\debug\ieeefloat.sbr
e:\myself\1.source_code\mp3stego\mp3stego\encoder\debug\huffman.sbr
e:\myself\1.source_code\mp3stego\mp3stego\encoder\debug\formatbitstream.sbr
e:\myself\1.source_code\mp3stego\mp3stego\encoder\debug\fft.sbr
e:\myself\1.source_code\mp3stego\mp3stego\encoder\debug\bitstream.sbr
e:\myself\1.source_code\mp3stego\mp3stego\encoder\debug\bitstream.obj
e:\myself\1.source_code\mp3stego\mp3stego\encoder\debug\fft.obj
e:\myself\1.source_code\mp3stego\mp3stego\encoder\debug\formatbitstream.obj
e:\myself\1.source_code\mp3stego\mp3stego\encoder\debug\huffman.obj
e:\myself\1.source_code\mp3stego\mp3stego\encoder\debug\ieeefloat.obj
e:\myself\1.source_code\mp3stego\mp3stego\encoder\debug\l3bitstream.obj
e:\myself\1.source_code\mp3stego\mp3stego\encoder\debug\l3loop.obj
e:\myself\1.source_code\mp3stego\mp3stego\encoder\debug\l3mdct.obj
e:\myself\1.source_code\mp3stego\mp3stego\encoder\debug\l3psy.obj
e:\myself\1.source_code\mp3stego\mp3stego\encoder\debug\l3subband.obj
e:\myself\1.source_code\mp3stego\mp3stego\encoder\debug\layer3.obj
e:\myself\1.source_code\mp3stego\mp3stego\encoder\debug\main.obj
e:\myself\1.source_code\mp3stego\mp3stego\encoder\debug\portableio.obj
e:\myself\1.source_code\mp3stego\mp3stego\encoder\debug\reservoir.obj
e:\myself\1.source_code\mp3stego\mp3stego\encoder\debug\tables.obj
e:\myself\1.source_code\mp3stego\mp3stego\encoder\debug\wave.obj
e:\myself\1.source_code\mp3stego\mp3stego\encoder\debug\encode.ilk
e:\myself\1.source_code\mp3stego\mp3stego\encoder\debug\encode.exe
e:\myself\1.source_code\mp3stego\mp3stego\encoder\debug\encode.pdb
e:\myself\1.source_code\mp3stego\mp3stego\encoder\.\debug\encode.exe
e:\myself\1.source_code\mp3stego\mp3stego\encoder\debug\encode.tlog\bscmake.command.1.tlog
e:\myself\1.source_code\mp3stego\mp3stego\encoder\debug\encode.tlog\bscmake.read.1.tlog
e:\myself\1.source_code\mp3stego\mp3stego\encoder\debug\encode.tlog\bscmake.write.1.tlog
e:\myself\1.source_code\mp3stego\mp3stego\encoder\debug\encode.tlog\cl.command.1.tlog
e:\myself\1.source_code\mp3stego\mp3stego\encoder\debug\encode.tlog\cl.read.1.tlog
e:\myself\1.source_code\mp3stego\mp3stego\encoder\debug\encode.tlog\cl.write.1.tlog
e:\myself\1.source_code\mp3stego\mp3stego\encoder\debug\encode.tlog\link.command.1.tlog
e:\myself\1.source_code\mp3stego\mp3stego\encoder\debug\encode.tlog\link.read.1.tlog
e:\myself\1.source_code\mp3stego\mp3stego\encoder\debug\encode.tlog\link.write.1.tlog
