e:\myself\1.source_code\mp3stego\mp3stego\decoder\release\decode.bsc
e:\myself\1.source_code\mp3stego\mp3stego\decoder\release\vc140.pdb
e:\myself\1.source_code\mp3stego\mp3stego\decoder\release\common.sbr
e:\myself\1.source_code\mp3stego\mp3stego\decoder\release\decode.sbr
e:\myself\1.source_code\mp3stego\mp3stego\decoder\release\huffman.sbr
e:\myself\1.source_code\mp3stego\mp3stego\decoder\release\ieeefloat.sbr
e:\myself\1.source_code\mp3stego\mp3stego\decoder\release\musicout.sbr
e:\myself\1.source_code\mp3stego\mp3stego\decoder\release\portableio.sbr
e:\myself\1.source_code\mp3stego\mp3stego\decoder\release\portableio.obj
e:\myself\1.source_code\mp3stego\mp3stego\decoder\release\musicout.obj
e:\myself\1.source_code\mp3stego\mp3stego\decoder\release\ieeefloat.obj
e:\myself\1.source_code\mp3stego\mp3stego\decoder\release\huffman.obj
e:\myself\1.source_code\mp3stego\mp3stego\decoder\release\decode.obj
e:\myself\1.source_code\mp3stego\mp3stego\decoder\release\common.obj
e:\myself\1.source_code\mp3stego\mp3stego\decoder\release\decode.pdb
e:\myself\1.source_code\mp3stego\mp3stego\decoder\release\decode.tlog\bscmake.command.1.tlog
e:\myself\1.source_code\mp3stego\mp3stego\decoder\release\decode.tlog\bscmake.read.1.tlog
e:\myself\1.source_code\mp3stego\mp3stego\decoder\release\decode.tlog\bscmake.write.1.tlog
e:\myself\1.source_code\mp3stego\mp3stego\decoder\release\decode.tlog\cl.command.1.tlog
e:\myself\1.source_code\mp3stego\mp3stego\decoder\release\decode.tlog\cl.read.1.tlog
e:\myself\1.source_code\mp3stego\mp3stego\decoder\release\decode.tlog\cl.write.1.tlog
e:\myself\1.source_code\mp3stego\mp3stego\decoder\release\decode.tlog\link.command.1.tlog
e:\myself\1.source_code\mp3stego\mp3stego\decoder\release\decode.tlog\link.read.1.tlog
e:\myself\1.source_code\mp3stego\mp3stego\decoder\release\decode.tlog\link.write.1.tlog
